#
# There is insufficient memory for the Java Runtime Environment to continue.
# Native memory allocation (malloc) failed to allocate 1048576 bytes for AllocateHeap
# Possible reasons:
#   The system is out of physical RAM or swap space
#   The process is running with CompressedOops enabled, and the Java Heap may be blocking the growth of the native heap
# Possible solutions:
#   Reduce memory load on the system
#   Increase physical memory or swap space
#   Check if swap backing store is full
#   Decrease Java heap size (-Xmx/-Xms)
#   Decrease number of Java threads
#   Decrease Java thread stack sizes (-Xss)
#   Set larger code cache with -XX:ReservedCodeCacheSize=
#   JVM is running with Unscaled Compressed Oops mode in which the Java heap is
#     placed in the first 4GB address space. The Java Heap base address is the
#     maximum limit for the native heap growth. Please use -XX:HeapBaseMinAddress
#     to set the Java Heap base and to place the Java Heap above 4GB virtual address.
# This output file may be truncated or incomplete.
#
#  Out of Memory Error (./src/hotspot/share/memory/allocation.cpp:46), pid=8600, tid=4952
#
# JRE version: OpenJDK Runtime Environment (11.0.12+7) (build 11.0.12+7-b1504.28-7817840)
# Java VM: OpenJDK 64-Bit Server VM (11.0.12+7-b1504.28-7817840, mixed mode, tiered, compressed oops, g1 gc, windows-amd64)
# No core dump will be written. Minidumps are not enabled by default on client versions of Windows
#

---------------  S U M M A R Y ------------

Command Line: -javaagent:C:\Program Files\Android\Android Studio\plugins\android\resources\trace_agent.jar=C:\Users\Abdallah\AppData\Local\Temp\sync.trace.profile --add-opens=java.base/java.util=ALL-UNNAMED --add-opens=java.base/java.lang=ALL-UNNAMED --add-opens=java.base/java.lang.invoke=ALL-UNNAMED --add-opens=java.base/java.util=ALL-UNNAMED --add-opens=java.prefs/java.util.prefs=ALL-UNNAMED --add-opens=java.prefs/java.util.prefs=ALL-UNNAMED --add-opens=java.base/java.nio.charset=ALL-UNNAMED --add-opens=java.base/java.net=ALL-UNNAMED --add-opens=java.base/java.util.concurrent.atomic=ALL-UNNAMED -Xmx2048m -Dfile.encoding=UTF-8 -Duser.country=US -Duser.language=en -Duser.variant org.gradle.launcher.daemon.bootstrap.GradleDaemon 7.5.1

Host: Intel(R) Core(TM) i5-2500 CPU @ 3.30GHz, 4 cores, 11G,  Windows 8.1 , 64 bit Build 9600 (6.3.9600.20778)
Time: Thu Apr 17 09:40:18 2025 Jordan Standard Time elapsed time: 187.408349 seconds (0d 0h 3m 7s)

---------------  T H R E A D  ---------------

Current thread (0x000000c27d269800):  VMThread "VM Thread" [stack: 0x000000c27e070000,0x000000c27e170000] [id=4952]

Stack: [0x000000c27e070000,0x000000c27e170000]
[error occurred during error reporting (printing stack bounds), id 0xc0000005, EXCEPTION_ACCESS_VIOLATION (0xc0000005) at pc=0x000000c20000112d]

Native frames: (J=compiled Java code, j=interpreted, Vv=VM code, C=native code)
V  [jvm.dll+0x5fbcea]
V  [jvm.dll+0x731905]
V  [jvm.dll+0x732f1d]
V  [jvm.dll+0x733535]
V  [jvm.dll+0x7334eb]
V  [jvm.dll+0x5fb080]
V  [jvm.dll+0x5fb818]
C  [ntdll.dll+0x92f3d]
C  [ntdll.dll+0x54557]
C  [ntdll.dll+0x920ca]
C  0x000000c20000112d

VM_Operation (0x000000c21e2f79e0): CollectForMetadataAllocation, mode: safepoint, requested by thread 0x000000c214add000


---------------  P R O C E S S  ---------------

Threads class SMR info:
_java_thread_list=0x000000c214a72690, length=85, elements={
0x000000c272357800, 0x000000c27dc99800, 0x000000c27dca3000, 0x000000c27dcb8800,
0x000000c27dcb9800, 0x000000c27dcbc800, 0x000000c27dd06000, 0x000000c27dd07000,
0x000000c27dd5e000, 0x000000c27de6d800, 0x000000c210b37800, 0x000000c210dc5800,
0x000000c21162d800, 0x000000c2119b2000, 0x000000c27ee03800, 0x000000c20f8db800,
0x000000c210e40800, 0x000000c21172a800, 0x000000c20f50b800, 0x000000c20f50c000,
0x000000c20f50d000, 0x000000c20f50e000, 0x000000c212a25000, 0x000000c212a23000,
0x000000c212a26800, 0x000000c212a24000, 0x000000c212a27800, 0x000000c212a25800,
0x000000c212a28000, 0x000000c212a2a800, 0x000000c212a2e000, 0x000000c212a2e800,
0x000000c212a2d000, 0x000000c212a2c000, 0x000000c212a32000, 0x000000c212a2f800,
0x000000c212a30800, 0x000000c212a31000, 0x000000c27f041000, 0x000000c27f043000,
0x000000c27f042000, 0x000000c27f045000, 0x000000c27f046000, 0x000000c27f044800,
0x000000c27f043800, 0x000000c27f048800, 0x000000c27f047800, 0x000000c27f049800,
0x000000c27f047000, 0x000000c27f04c800, 0x000000c27f04b800, 0x000000c27f04a000,
0x000000c27f04d800, 0x000000c27f04b000, 0x000000c27f04e000, 0x000000c27f050000,
0x000000c27f04f000, 0x000000c20f796800, 0x000000c20f794000, 0x000000c20f796000,
0x000000c20f795000, 0x000000c20f797800, 0x000000c20f798800, 0x000000c20f79a800,
0x000000c20f79b800, 0x000000c20f799000, 0x000000c20f79c800, 0x000000c20f79a000,
0x000000c20f79f800, 0x000000c20f79f000, 0x000000c20f79d000, 0x000000c20f79e000,
0x000000c20f7a3000, 0x000000c20f7a0800, 0x000000c20f7a1800, 0x000000c20f7a2000,
0x000000c214adb800, 0x000000c214adf800, 0x000000c214add800, 0x000000c214add000,
0x000000c214ae1000, 0x000000c214ade800, 0x000000c214ae0000, 0x000000c214ae4800,
0x000000c214ae3800
}

Java Threads: ( => current thread )
  0x000000c272357800 JavaThread "main" [_thread_blocked, id=1820, stack(0x000000c271a00000,0x000000c271b00000)]
  0x000000c27dc99800 JavaThread "Reference Handler" daemon [_thread_blocked, id=8464, stack(0x000000c27e170000,0x000000c27e270000)]
  0x000000c27dca3000 JavaThread "Finalizer" daemon [_thread_blocked, id=9156, stack(0x000000c27e270000,0x000000c27e370000)]
  0x000000c27dcb8800 JavaThread "Signal Dispatcher" daemon [_thread_blocked, id=8320, stack(0x000000c27e450000,0x000000c27e550000)]
  0x000000c27dcb9800 JavaThread "Attach Listener" daemon [_thread_blocked, id=6796, stack(0x000000c27e550000,0x000000c27e650000)]
  0x000000c27dcbc800 JavaThread "Service Thread" daemon [_thread_blocked, id=6580, stack(0x000000c27e650000,0x000000c27e750000)]
  0x000000c27dd06000 JavaThread "C2 CompilerThread0" daemon [_thread_blocked, id=1076, stack(0x000000c27e750000,0x000000c27e850000)]
  0x000000c27dd07000 JavaThread "C1 CompilerThread0" daemon [_thread_blocked, id=4596, stack(0x000000c27e850000,0x000000c27e950000)]
  0x000000c27dd5e000 JavaThread "Sweeper thread" daemon [_thread_blocked, id=3416, stack(0x000000c27e950000,0x000000c27ea50000)]
  0x000000c27de6d800 JavaThread "Common-Cleaner" daemon [_thread_blocked, id=7240, stack(0x000000c27ea50000,0x000000c27eb50000)]
  0x000000c210b37800 JavaThread "Daemon health stats" [_thread_blocked, id=8200, stack(0x000000c2110a0000,0x000000c2111a0000)]
  0x000000c210dc5800 JavaThread "Incoming local TCP Connector on port 51391" [_thread_in_native, id=144, stack(0x000000c2142d0000,0x000000c2143d0000)]
  0x000000c21162d800 JavaThread "Daemon periodic checks" [_thread_blocked, id=7756, stack(0x000000c215860000,0x000000c215960000)]
  0x000000c2119b2000 JavaThread "Daemon" [_thread_blocked, id=9048, stack(0x000000c215960000,0x000000c215a60000)]
  0x000000c27ee03800 JavaThread "Handler for socket connection from /127.0.0.1:51391 to /127.0.0.1:51392" [_thread_in_native, id=1652, stack(0x000000c215a60000,0x000000c215b60000)]
  0x000000c20f8db800 JavaThread "Cancel handler" [_thread_blocked, id=6648, stack(0x000000c210fa0000,0x000000c2110a0000)]
  0x000000c210e40800 JavaThread "Daemon worker" [_thread_blocked, id=7644, stack(0x000000c213e30000,0x000000c213f30000)]
  0x000000c21172a800 JavaThread "Asynchronous log dispatcher for DefaultDaemonConnection: socket connection from /127.0.0.1:51391 to /127.0.0.1:51392" [_thread_blocked, id=4916, stack(0x000000c213f30000,0x000000c214030000)]
  0x000000c20f50b800 JavaThread "Daemon client event forwarder" [_thread_blocked, id=8480, stack(0x000000c2154f0000,0x000000c2155f0000)]
  0x000000c20f50c000 JavaThread "Cache worker for journal cache (C:\Users\Abdallah\.gradle\caches\journal-1)" [_thread_blocked, id=8848, stack(0x000000c2155f0000,0x000000c2156f0000)]
  0x000000c20f50d000 JavaThread "File lock request listener" [_thread_in_native, id=8416, stack(0x000000c2156f0000,0x000000c2157f0000)]
  0x000000c20f50e000 JavaThread "Cache worker for file hash cache (C:\Users\Abdallah\.gradle\caches\7.5.1\fileHashes)" [_thread_blocked, id=8156, stack(0x000000c215d60000,0x000000c215e60000)]
  0x000000c212a25000 JavaThread "Cache worker for checksums cache (C:\Users\Abdallah\AndroidStudioProjects\MyTranslate\.gradle\7.5.1\checksums)" [_thread_blocked, id=2680, stack(0x000000c216460000,0x000000c216560000)]
  0x000000c212a23000 JavaThread "Cache worker for cache directory md-rule (C:\Users\Abdallah\.gradle\caches\7.5.1\md-rule)" [_thread_blocked, id=7480, stack(0x000000c216560000,0x000000c216660000)]
  0x000000c212a26800 JavaThread "Cache worker for file content cache (C:\Users\Abdallah\.gradle\caches\7.5.1\fileContent)" [_thread_blocked, id=3484, stack(0x000000c216660000,0x000000c216760000)]
  0x000000c212a24000 JavaThread "Cache worker for file hash cache (C:\Users\Abdallah\AndroidStudioProjects\MyTranslate\.gradle\7.5.1\fileHashes)" [_thread_blocked, id=6232, stack(0x000000c216760000,0x000000c216860000)]
  0x000000c212a27800 JavaThread "Cache worker for cache directory md-supplier (C:\Users\Abdallah\.gradle\caches\7.5.1\md-supplier)" [_thread_blocked, id=8432, stack(0x000000c216860000,0x000000c216960000)]
  0x000000c212a25800 JavaThread "Cache worker for execution history cache (C:\Users\Abdallah\.gradle\caches\7.5.1\executionHistory)" [_thread_blocked, id=1948, stack(0x000000c216c60000,0x000000c216d60000)]
  0x000000c212a28000 JavaThread "jar transforms" [_thread_blocked, id=7484, stack(0x000000c217360000,0x000000c217460000)]
  0x000000c212a2a800 JavaThread "jar transforms Thread 2" [_thread_blocked, id=2168, stack(0x000000c216b60000,0x000000c216c60000)]
  0x000000c212a2e000 JavaThread "Cache worker for dependencies-accessors (C:\Users\Abdallah\AndroidStudioProjects\MyTranslate\.gradle\7.5.1\dependencies-accessors)" [_thread_blocked, id=7436, stack(0x000000c217860000,0x000000c217960000)]
  0x000000c212a2e800 JavaThread "jar transforms Thread 3" [_thread_blocked, id=7064, stack(0x000000c217e60000,0x000000c217f60000)]
  0x000000c212a2d000 JavaThread "Cache worker for Build Output Cleanup Cache (C:\Users\Abdallah\AndroidStudioProjects\MyTranslate\.gradle\buildOutputCleanup)" [_thread_blocked, id=7800, stack(0x000000c217b60000,0x000000c217c60000)]
  0x000000c212a2c000 JavaThread "Unconstrained build operations" [_thread_blocked, id=8952, stack(0x000000c218360000,0x000000c218460000)]
  0x000000c212a32000 JavaThread "Unconstrained build operations Thread 2" [_thread_blocked, id=3260, stack(0x000000c218460000,0x000000c218560000)]
  0x000000c212a2f800 JavaThread "Unconstrained build operations Thread 3" [_thread_blocked, id=3388, stack(0x000000c218560000,0x000000c218660000)]
  0x000000c212a30800 JavaThread "Unconstrained build operations Thread 4" [_thread_blocked, id=8556, stack(0x000000c218660000,0x000000c218760000)]
  0x000000c212a31000 JavaThread "Unconstrained build operations Thread 5" [_thread_blocked, id=7964, stack(0x000000c218760000,0x000000c218860000)]
  0x000000c27f041000 JavaThread "Unconstrained build operations Thread 6" [_thread_blocked, id=3128, stack(0x000000c218860000,0x000000c218960000)]
  0x000000c27f043000 JavaThread "Unconstrained build operations Thread 7" [_thread_blocked, id=6852, stack(0x000000c218960000,0x000000c218a60000)]
  0x000000c27f042000 JavaThread "Unconstrained build operations Thread 8" [_thread_blocked, id=7500, stack(0x000000c218a60000,0x000000c218b60000)]
  0x000000c27f045000 JavaThread "Unconstrained build operations Thread 9" [_thread_blocked, id=6512, stack(0x000000c218b60000,0x000000c218c60000)]
  0x000000c27f046000 JavaThread "Unconstrained build operations Thread 10" [_thread_blocked, id=2020, stack(0x000000c218c60000,0x000000c218d60000)]
  0x000000c27f044800 JavaThread "Unconstrained build operations Thread 11" [_thread_blocked, id=7508, stack(0x000000c218d60000,0x000000c218e60000)]
  0x000000c27f043800 JavaThread "Unconstrained build operations Thread 12" [_thread_blocked, id=8356, stack(0x000000c218e60000,0x000000c218f60000)]
  0x000000c27f048800 JavaThread "Unconstrained build operations Thread 13" [_thread_blocked, id=6824, stack(0x000000c218f60000,0x000000c219060000)]
  0x000000c27f047800 JavaThread "Unconstrained build operations Thread 14" [_thread_blocked, id=6560, stack(0x000000c219060000,0x000000c219160000)]
  0x000000c27f049800 JavaThread "Unconstrained build operations Thread 15" [_thread_blocked, id=4892, stack(0x000000c219160000,0x000000c219260000)]
  0x000000c27f047000 JavaThread "Unconstrained build operations Thread 16" [_thread_blocked, id=8852, stack(0x000000c219260000,0x000000c219360000)]
  0x000000c27f04c800 JavaThread "Unconstrained build operations Thread 17" [_thread_blocked, id=4064, stack(0x000000c219360000,0x000000c219460000)]
  0x000000c27f04b800 JavaThread "Unconstrained build operations Thread 18" [_thread_blocked, id=8076, stack(0x000000c219460000,0x000000c219560000)]
  0x000000c27f04a000 JavaThread "Unconstrained build operations Thread 19" [_thread_blocked, id=7668, stack(0x000000c219560000,0x000000c219660000)]
  0x000000c27f04d800 JavaThread "Unconstrained build operations Thread 20" [_thread_blocked, id=8656, stack(0x000000c219660000,0x000000c219760000)]
  0x000000c27f04b000 JavaThread "Unconstrained build operations Thread 21" [_thread_blocked, id=5016, stack(0x000000c219760000,0x000000c219860000)]
  0x000000c27f04e000 JavaThread "Unconstrained build operations Thread 22" [_thread_blocked, id=7096, stack(0x000000c219860000,0x000000c219960000)]
  0x000000c27f050000 JavaThread "Unconstrained build operations Thread 23" [_thread_blocked, id=2072, stack(0x000000c219960000,0x000000c219a60000)]
  0x000000c27f04f000 JavaThread "Unconstrained build operations Thread 24" [_thread_blocked, id=4980, stack(0x000000c219a60000,0x000000c219b60000)]
  0x000000c20f796800 JavaThread "Unconstrained build operations Thread 25" [_thread_blocked, id=4880, stack(0x000000c219b60000,0x000000c219c60000)]
  0x000000c20f794000 JavaThread "Unconstrained build operations Thread 26" [_thread_blocked, id=5884, stack(0x000000c219c60000,0x000000c219d60000)]
  0x000000c20f796000 JavaThread "Unconstrained build operations Thread 27" [_thread_blocked, id=8444, stack(0x000000c219d60000,0x000000c219e60000)]
  0x000000c20f795000 JavaThread "Unconstrained build operations Thread 28" [_thread_blocked, id=7532, stack(0x000000c219e60000,0x000000c219f60000)]
  0x000000c20f797800 JavaThread "Unconstrained build operations Thread 29" [_thread_blocked, id=2904, stack(0x000000c219f60000,0x000000c21a060000)]
  0x000000c20f798800 JavaThread "Unconstrained build operations Thread 30" [_thread_blocked, id=7156, stack(0x000000c21a060000,0x000000c21a160000)]
  0x000000c20f79a800 JavaThread "Unconstrained build operations Thread 31" [_thread_blocked, id=9068, stack(0x000000c21a160000,0x000000c21a260000)]
  0x000000c20f79b800 JavaThread "Unconstrained build operations Thread 32" [_thread_blocked, id=1088, stack(0x000000c21a260000,0x000000c21a360000)]
  0x000000c20f799000 JavaThread "Unconstrained build operations Thread 33" [_thread_blocked, id=7124, stack(0x000000c21a360000,0x000000c21a460000)]
  0x000000c20f79c800 JavaThread "Unconstrained build operations Thread 34" [_thread_blocked, id=8604, stack(0x000000c21a460000,0x000000c21a560000)]
  0x000000c20f79a000 JavaThread "Unconstrained build operations Thread 35" [_thread_blocked, id=8232, stack(0x000000c21a560000,0x000000c21a660000)]
  0x000000c20f79f800 JavaThread "Unconstrained build operations Thread 36" [_thread_blocked, id=9220, stack(0x000000c21a660000,0x000000c21a760000)]
  0x000000c20f79f000 JavaThread "Unconstrained build operations Thread 37" [_thread_blocked, id=9224, stack(0x000000c21a760000,0x000000c21a860000)]
  0x000000c20f79d000 JavaThread "Unconstrained build operations Thread 38" [_thread_blocked, id=9228, stack(0x000000c21a860000,0x000000c21a960000)]
  0x000000c20f79e000 JavaThread "Unconstrained build operations Thread 39" [_thread_blocked, id=9232, stack(0x000000c21a960000,0x000000c21aa60000)]
  0x000000c20f7a3000 JavaThread "Unconstrained build operations Thread 40" [_thread_blocked, id=9236, stack(0x000000c21aa60000,0x000000c21ab60000)]
  0x000000c20f7a0800 JavaThread "jar transforms Thread 4" [_thread_blocked, id=9500, stack(0x000000c21ac60000,0x000000c21ad60000)]
  0x000000c20f7a1800 JavaThread "Thread-63" daemon [_thread_blocked, id=9632, stack(0x000000c2153f0000,0x000000c2154f0000)]
  0x000000c20f7a2000 JavaThread "Memory manager" [_thread_blocked, id=9644, stack(0x000000c21b560000,0x000000c21b660000)]
  0x000000c214adb800 JavaThread "build event listener" [_thread_blocked, id=10108, stack(0x000000c21b660000,0x000000c21b760000)]
  0x000000c214adf800 JavaThread "included builds" [_thread_blocked, id=10112, stack(0x000000c21e000000,0x000000c21e100000)]
  0x000000c214add800 JavaThread "Execution worker" [_thread_blocked, id=10116, stack(0x000000c21e100000,0x000000c21e200000)]
  0x000000c214add000 JavaThread "Execution worker Thread 2" [_thread_blocked, id=10120, stack(0x000000c21e200000,0x000000c21e300000)]
  0x000000c214ae1000 JavaThread "Execution worker Thread 3" [_thread_blocked, id=10124, stack(0x000000c21e300000,0x000000c21e400000)]
  0x000000c214ade800 JavaThread "Cache worker for execution history cache (C:\Users\Abdallah\AndroidStudioProjects\MyTranslate\.gradle\7.5.1\executionHistory)" [_thread_blocked, id=10128, stack(0x000000c21e400000,0x000000c21e500000)]
  0x000000c214ae0000 JavaThread "WorkerExecutor Queue" [_thread_blocked, id=9672, stack(0x000000c21e500000,0x000000c21e600000)]
  0x000000c214ae4800 JavaThread "WorkerExecutor Queue Thread 2" [_thread_blocked, id=9772, stack(0x000000c21e600000,0x000000c21e700000)]
  0x000000c214ae3800 JavaThread "WorkerExecutor Queue Thread 3" [_thread_blocked, id=8536, stack(0x000000c21ffa0000,0x000000c2200a0000)]

Other Threads:
=>0x000000c27d269800 VMThread "VM Thread" [stack: 0x000000c27e070000,0x000000c27e170000] [id=4952]
  0x000000c20f1af800 WatcherThread [stack: 0x000000c27f830000,0x000000c27f930000] [id=8916]
  0x000000c272370000 GCTaskThread "GC Thread#0" [stack: 0x000000c271d00000,0x000000c271e00000] [id=6228]
  0x000000c20f592800 GCTaskThread "GC Thread#1" [stack: 0x000000c27f930000,0x000000c27fa30000] [id=7144]
  0x000000c20faba800 GCTaskThread "GC Thread#2" [stack: 0x000000c27fa30000,0x000000c27fb30000] [id=8572]
  0x000000c20f3ad800 GCTaskThread "GC Thread#3" [stack: 0x000000c27fb30000,0x000000c27fc30000] [id=4536]
  0x000000c2723a2800 ConcurrentGCThread "G1 Main Marker" [stack: 0x000000c27aa30000,0x000000c27ab30000] [id=7464]
  0x000000c2723a4000 ConcurrentGCThread "G1 Conc#0" [stack: 0x000000c27ab30000,0x000000c27ac30000] [id=8844]
  0x000000c2723fe800 ConcurrentGCThread "G1 Refine#0" [stack: 0x000000c27d270000,0x000000c27d370000] [id=9100]
  0x000000c27ece6000 ConcurrentGCThread "G1 Refine#1" [stack: 0x000000c21ab60000,0x000000c21ac60000] [id=9560]
  0x000000c27d0e0000 ConcurrentGCThread "G1 Young RemSet Sampling" [stack: 0x000000c27d370000,0x000000c27d470000] [id=8392]

Threads with active compile tasks:
C2 CompilerThread0 188284 13955 %     4       sun.security.provider.SHA2::implCompress0 @ 3 (466 bytes)

VM state:at safepoint (normal execution)

VM Mutex/Monitor currently owned by a thread:  ([mutex/lock_event])
[0x000000c2723563e0] Threads_lock - owner thread: 0x000000c27d269800
[0x000000c272355270] Heap_lock - owner thread: 0x000000c214add000

Heap address: 0x0000000080000000, size: 2048 MB, Compressed Oops mode: 32-bit
Narrow klass base: 0x0000000000000000, Narrow klass shift: 3
Compressed class space size: 1073741824 Address: 0x0000000100000000

Heap:
 garbage-first heap   total 196608K, used 93986K [0x0000000080000000, 0x0000000100000000)
  region size 1024K, 6 young (6144K), 6 survivors (6144K)
 Metaspace       used 102196K, capacity 104455K, committed 104664K, reserved 1153024K
  class space    used 13128K, capacity 13984K, committed 14080K, reserved 1048576K
Heap Regions: E=young(eden), S=young(survivor), O=old, HS=humongous(starts), HC=humongous(continues), CS=collection set, F=free, A=archive, TAMS=top-at-mark-start (previous, next)
|   0|0x0000000080000000, 0x0000000080100000, 0x0000000080100000|100%| O|  |TAMS 0x0000000080100000, 0x0000000080100000| Untracked 
|   1|0x0000000080100000, 0x0000000080200000, 0x0000000080200000|100%| O|  |TAMS 0x0000000080200000, 0x0000000080200000| Untracked 
|   2|0x0000000080200000, 0x0000000080300000, 0x0000000080300000|100%| O|  |TAMS 0x0000000080300000, 0x0000000080300000| Untracked 
|   3|0x0000000080300000, 0x0000000080400000, 0x0000000080400000|100%|HS|  |TAMS 0x0000000080400000, 0x0000000080400000| Complete 
|   4|0x0000000080400000, 0x0000000080500000, 0x0000000080500000|100%|HC|  |TAMS 0x0000000080500000, 0x0000000080500000| Complete 
|   5|0x0000000080500000, 0x0000000080600000, 0x0000000080600000|100%|HC|  |TAMS 0x0000000080600000, 0x0000000080600000| Complete 
|   6|0x0000000080600000, 0x0000000080700000, 0x0000000080700000|100%| O|  |TAMS 0x0000000080700000, 0x0000000080700000| Untracked 
|   7|0x0000000080700000, 0x0000000080800000, 0x0000000080800000|100%| O|  |TAMS 0x0000000080800000, 0x0000000080800000| Untracked 
|   8|0x0000000080800000, 0x0000000080900000, 0x0000000080900000|100%| O|  |TAMS 0x0000000080900000, 0x0000000080900000| Untracked 
|   9|0x0000000080900000, 0x0000000080a00000, 0x0000000080a00000|100%| O|  |TAMS 0x0000000080a00000, 0x0000000080a00000| Untracked 
|  10|0x0000000080a00000, 0x0000000080b00000, 0x0000000080b00000|100%| O|  |TAMS 0x0000000080b00000, 0x0000000080b00000| Untracked 
|  11|0x0000000080b00000, 0x0000000080c00000, 0x0000000080c00000|100%| O|  |TAMS 0x0000000080c00000, 0x0000000080c00000| Untracked 
|  12|0x0000000080c00000, 0x0000000080d00000, 0x0000000080d00000|100%| O|  |TAMS 0x0000000080d00000, 0x0000000080d00000| Untracked 
|  13|0x0000000080d00000, 0x0000000080e00000, 0x0000000080e00000|100%| O|  |TAMS 0x0000000080e00000, 0x0000000080e00000| Untracked 
|  14|0x0000000080e00000, 0x0000000080f00000, 0x0000000080f00000|100%| O|  |TAMS 0x0000000080f00000, 0x0000000080f00000| Untracked 
|  15|0x0000000080f00000, 0x0000000081000000, 0x0000000081000000|100%| O|  |TAMS 0x0000000081000000, 0x0000000081000000| Untracked 
|  16|0x0000000081000000, 0x0000000081100000, 0x0000000081100000|100%| O|  |TAMS 0x0000000081100000, 0x0000000081100000| Untracked 
|  17|0x0000000081100000, 0x0000000081200000, 0x0000000081200000|100%|HS|  |TAMS 0x0000000081200000, 0x0000000081200000| Complete 
|  18|0x0000000081200000, 0x0000000081300000, 0x0000000081300000|100%| O|  |TAMS 0x0000000081300000, 0x0000000081300000| Untracked 
|  19|0x0000000081300000, 0x0000000081400000, 0x0000000081400000|100%| O|  |TAMS 0x0000000081400000, 0x0000000081400000| Untracked 
|  20|0x0000000081400000, 0x0000000081500000, 0x0000000081500000|100%|HS|  |TAMS 0x0000000081500000, 0x0000000081500000| Complete 
|  21|0x0000000081500000, 0x0000000081600000, 0x0000000081600000|100%|HS|  |TAMS 0x0000000081600000, 0x0000000081600000| Complete 
|  22|0x0000000081600000, 0x0000000081700000, 0x0000000081700000|100%|HS|  |TAMS 0x0000000081700000, 0x0000000081700000| Complete 
|  23|0x0000000081700000, 0x0000000081800000, 0x0000000081800000|100%|HC|  |TAMS 0x0000000081800000, 0x0000000081800000| Complete 
|  24|0x0000000081800000, 0x0000000081900000, 0x0000000081900000|100%|HC|  |TAMS 0x0000000081900000, 0x0000000081900000| Complete 
|  25|0x0000000081900000, 0x0000000081a00000, 0x0000000081a00000|100%|HS|  |TAMS 0x0000000081a00000, 0x0000000081a00000| Complete 
|  26|0x0000000081a00000, 0x0000000081b00000, 0x0000000081b00000|100%|HC|  |TAMS 0x0000000081b00000, 0x0000000081b00000| Complete 
|  27|0x0000000081b00000, 0x0000000081c00000, 0x0000000081c00000|100%| O|  |TAMS 0x0000000081c00000, 0x0000000081c00000| Untracked 
|  28|0x0000000081c00000, 0x0000000081d00000, 0x0000000081d00000|100%| O|  |TAMS 0x0000000081d00000, 0x0000000081d00000| Untracked 
|  29|0x0000000081d00000, 0x0000000081e00000, 0x0000000081e00000|100%| O|  |TAMS 0x0000000081e00000, 0x0000000081e00000| Untracked 
|  30|0x0000000081e00000, 0x0000000081f00000, 0x0000000081f00000|100%| O|  |TAMS 0x0000000081f00000, 0x0000000081f00000| Untracked 
|  31|0x0000000081f00000, 0x0000000082000000, 0x0000000082000000|100%| O|  |TAMS 0x0000000082000000, 0x0000000082000000| Untracked 
|  32|0x0000000082000000, 0x0000000082100000, 0x0000000082100000|100%| O|  |TAMS 0x0000000082100000, 0x0000000082100000| Untracked 
|  33|0x0000000082100000, 0x0000000082200000, 0x0000000082200000|100%| O|  |TAMS 0x0000000082200000, 0x0000000082200000| Untracked 
|  34|0x0000000082200000, 0x0000000082300000, 0x0000000082300000|100%| O|  |TAMS 0x0000000082300000, 0x0000000082300000| Untracked 
|  35|0x0000000082300000, 0x0000000082400000, 0x0000000082400000|100%| O|  |TAMS 0x0000000082400000, 0x0000000082400000| Untracked 
|  36|0x0000000082400000, 0x0000000082500000, 0x0000000082500000|100%| O|  |TAMS 0x0000000082500000, 0x0000000082500000| Untracked 
|  37|0x0000000082500000, 0x0000000082600000, 0x0000000082600000|100%| O|  |TAMS 0x0000000082600000, 0x0000000082600000| Untracked 
|  38|0x0000000082600000, 0x0000000082700000, 0x0000000082700000|100%| O|  |TAMS 0x0000000082700000, 0x0000000082700000| Untracked 
|  39|0x0000000082700000, 0x0000000082800000, 0x0000000082800000|100%| O|  |TAMS 0x0000000082800000, 0x0000000082800000| Untracked 
|  40|0x0000000082800000, 0x0000000082900000, 0x0000000082900000|100%| O|  |TAMS 0x0000000082900000, 0x0000000082900000| Untracked 
|  41|0x0000000082900000, 0x0000000082a00000, 0x0000000082a00000|100%| O|  |TAMS 0x0000000082a00000, 0x0000000082a00000| Untracked 
|  42|0x0000000082a00000, 0x0000000082b00000, 0x0000000082b00000|100%| O|  |TAMS 0x0000000082b00000, 0x0000000082b00000| Untracked 
|  43|0x0000000082b00000, 0x0000000082c00000, 0x0000000082c00000|100%| O|  |TAMS 0x0000000082c00000, 0x0000000082c00000| Untracked 
|  44|0x0000000082c00000, 0x0000000082d00000, 0x0000000082d00000|100%| O|  |TAMS 0x0000000082d00000, 0x0000000082d00000| Untracked 
|  45|0x0000000082d00000, 0x0000000082e00000, 0x0000000082e00000|100%| O|  |TAMS 0x0000000082e00000, 0x0000000082e00000| Untracked 
|  46|0x0000000082e00000, 0x0000000082f00000, 0x0000000082f00000|100%| O|  |TAMS 0x0000000082f00000, 0x0000000082f00000| Untracked 
|  47|0x0000000082f00000, 0x0000000083000000, 0x0000000083000000|100%| O|  |TAMS 0x0000000083000000, 0x0000000083000000| Untracked 
|  48|0x0000000083000000, 0x0000000083100000, 0x0000000083100000|100%| O|  |TAMS 0x0000000083100000, 0x0000000083100000| Untracked 
|  49|0x0000000083100000, 0x0000000083200000, 0x0000000083200000|100%| O|  |TAMS 0x0000000083200000, 0x0000000083200000| Untracked 
|  50|0x0000000083200000, 0x0000000083300000, 0x0000000083300000|100%| O|  |TAMS 0x0000000083300000, 0x0000000083300000| Untracked 
|  51|0x0000000083300000, 0x0000000083400000, 0x0000000083400000|100%| O|  |TAMS 0x0000000083400000, 0x0000000083400000| Untracked 
|  52|0x0000000083400000, 0x0000000083500000, 0x0000000083500000|100%| O|  |TAMS 0x0000000083500000, 0x0000000083500000| Untracked 
|  53|0x0000000083500000, 0x0000000083600000, 0x0000000083600000|100%| O|  |TAMS 0x0000000083600000, 0x0000000083600000| Untracked 
|  54|0x0000000083600000, 0x0000000083700000, 0x0000000083700000|100%| O|  |TAMS 0x0000000083700000, 0x0000000083700000| Untracked 
|  55|0x0000000083700000, 0x0000000083800000, 0x0000000083800000|100%| O|  |TAMS 0x0000000083800000, 0x0000000083800000| Untracked 
|  56|0x0000000083800000, 0x0000000083900000, 0x0000000083900000|100%| O|  |TAMS 0x0000000083900000, 0x0000000083900000| Untracked 
|  57|0x0000000083900000, 0x0000000083a00000, 0x0000000083a00000|100%| O|  |TAMS 0x0000000083a00000, 0x0000000083a00000| Untracked 
|  58|0x0000000083a00000, 0x0000000083b00000, 0x0000000083b00000|100%| O|  |TAMS 0x0000000083b00000, 0x0000000083b00000| Untracked 
|  59|0x0000000083b00000, 0x0000000083c00000, 0x0000000083c00000|100%| O|  |TAMS 0x0000000083c00000, 0x0000000083c00000| Untracked 
|  60|0x0000000083c00000, 0x0000000083d00000, 0x0000000083d00000|100%| O|  |TAMS 0x0000000083d00000, 0x0000000083d00000| Untracked 
|  61|0x0000000083d00000, 0x0000000083e00000, 0x0000000083e00000|100%| O|  |TAMS 0x0000000083e00000, 0x0000000083e00000| Untracked 
|  62|0x0000000083e00000, 0x0000000083f00000, 0x0000000083f00000|100%| O|  |TAMS 0x0000000083f00000, 0x0000000083f00000| Untracked 
|  63|0x0000000083f00000, 0x0000000084000000, 0x0000000084000000|100%| O|  |TAMS 0x0000000084000000, 0x0000000084000000| Untracked 
|  64|0x0000000084000000, 0x0000000084100000, 0x0000000084100000|100%| O|  |TAMS 0x0000000084100000, 0x0000000084100000| Untracked 
|  65|0x0000000084100000, 0x0000000084200000, 0x0000000084200000|100%| O|  |TAMS 0x0000000084200000, 0x0000000084200000| Untracked 
|  66|0x0000000084200000, 0x0000000084300000, 0x0000000084300000|100%| O|  |TAMS 0x0000000084300000, 0x0000000084300000| Untracked 
|  67|0x0000000084300000, 0x0000000084400000, 0x0000000084400000|100%| O|  |TAMS 0x0000000084400000, 0x0000000084400000| Untracked 
|  68|0x0000000084400000, 0x0000000084500000, 0x0000000084500000|100%| O|  |TAMS 0x0000000084500000, 0x0000000084500000| Untracked 
|  69|0x0000000084500000, 0x0000000084600000, 0x0000000084600000|100%| O|  |TAMS 0x0000000084600000, 0x0000000084600000| Untracked 
|  70|0x0000000084600000, 0x0000000084700000, 0x0000000084700000|100%| O|  |TAMS 0x0000000084700000, 0x0000000084700000| Untracked 
|  71|0x0000000084700000, 0x0000000084800000, 0x0000000084800000|100%| O|  |TAMS 0x0000000084800000, 0x0000000084800000| Untracked 
|  72|0x0000000084800000, 0x0000000084900000, 0x0000000084900000|100%| O|  |TAMS 0x0000000084900000, 0x0000000084900000| Untracked 
|  73|0x0000000084900000, 0x0000000084a00000, 0x0000000084a00000|100%| O|  |TAMS 0x0000000084a00000, 0x0000000084a00000| Untracked 
|  74|0x0000000084a00000, 0x0000000084b00000, 0x0000000084b00000|100%| O|  |TAMS 0x0000000084b00000, 0x0000000084b00000| Untracked 
|  75|0x0000000084b00000, 0x0000000084c00000, 0x0000000084c00000|100%| O|  |TAMS 0x0000000084c00000, 0x0000000084c00000| Untracked 
|  76|0x0000000084c00000, 0x0000000084d00000, 0x0000000084d00000|100%| O|  |TAMS 0x0000000084d00000, 0x0000000084d00000| Untracked 
|  77|0x0000000084d00000, 0x0000000084e00000, 0x0000000084e00000|100%| O|  |TAMS 0x0000000084e00000, 0x0000000084e00000| Untracked 
|  78|0x0000000084e00000, 0x0000000084f00000, 0x0000000084f00000|100%| O|  |TAMS 0x0000000084f00000, 0x0000000084f00000| Untracked 
|  79|0x0000000084f00000, 0x0000000085000000, 0x0000000085000000|100%| O|  |TAMS 0x0000000085000000, 0x0000000085000000| Untracked 
|  80|0x0000000085000000, 0x0000000085100000, 0x0000000085100000|100%| O|  |TAMS 0x0000000085100000, 0x0000000085100000| Untracked 
|  81|0x0000000085100000, 0x0000000085200000, 0x0000000085200000|100%| O|  |TAMS 0x000000008516d800, 0x0000000085200000| Untracked 
|  82|0x0000000085200000, 0x0000000085300000, 0x0000000085300000|100%| O|  |TAMS 0x0000000085200000, 0x0000000085300000| Untracked 
|  83|0x0000000085300000, 0x0000000085400000, 0x0000000085400000|100%| O|  |TAMS 0x0000000085300000, 0x0000000085400000| Untracked 
|  84|0x0000000085400000, 0x0000000085500000, 0x0000000085500000|100%| O|  |TAMS 0x0000000085400000, 0x0000000085500000| Untracked 
|  85|0x0000000085500000, 0x0000000085600000, 0x0000000085600000|100%| O|  |TAMS 0x0000000085500000, 0x0000000085600000| Untracked 
|  86|0x0000000085600000, 0x000000008566e400, 0x0000000085700000| 43%| O|  |TAMS 0x0000000085600000, 0x000000008566e400| Untracked 
|  87|0x0000000085700000, 0x0000000085700000, 0x0000000085800000|  0%| F|  |TAMS 0x0000000085700000, 0x0000000085700000| Untracked 
|  88|0x0000000085800000, 0x0000000085800000, 0x0000000085900000|  0%| F|  |TAMS 0x0000000085800000, 0x0000000085800000| Untracked 
|  89|0x0000000085900000, 0x0000000085900000, 0x0000000085a00000|  0%| F|  |TAMS 0x0000000085900000, 0x0000000085900000| Untracked 
|  90|0x0000000085a00000, 0x0000000085a00000, 0x0000000085b00000|  0%| F|  |TAMS 0x0000000085a00000, 0x0000000085a00000| Untracked 
|  91|0x0000000085b00000, 0x0000000085b00000, 0x0000000085c00000|  0%| F|  |TAMS 0x0000000085b00000, 0x0000000085b00000| Untracked 
|  92|0x0000000085c00000, 0x0000000085c00000, 0x0000000085d00000|  0%| F|  |TAMS 0x0000000085c00000, 0x0000000085c00000| Untracked 
|  93|0x0000000085d00000, 0x0000000085d00000, 0x0000000085e00000|  0%| F|  |TAMS 0x0000000085d00000, 0x0000000085d00000| Untracked 
|  94|0x0000000085e00000, 0x0000000085e00000, 0x0000000085f00000|  0%| F|  |TAMS 0x0000000085e00000, 0x0000000085e00000| Untracked 
|  95|0x0000000085f00000, 0x0000000085f00000, 0x0000000086000000|  0%| F|  |TAMS 0x0000000085f00000, 0x0000000085f00000| Untracked 
|  96|0x0000000086000000, 0x0000000086000000, 0x0000000086100000|  0%| F|  |TAMS 0x0000000086000000, 0x0000000086000000| Untracked 
|  97|0x0000000086100000, 0x0000000086100000, 0x0000000086200000|  0%| F|  |TAMS 0x0000000086100000, 0x0000000086100000| Untracked 
|  98|0x0000000086200000, 0x0000000086200000, 0x0000000086300000|  0%| F|  |TAMS 0x0000000086200000, 0x0000000086200000| Untracked 
|  99|0x0000000086300000, 0x0000000086300000, 0x0000000086400000|  0%| F|  |TAMS 0x0000000086300000, 0x0000000086300000| Untracked 
| 100|0x0000000086400000, 0x0000000086400000, 0x0000000086500000|  0%| F|  |TAMS 0x0000000086400000, 0x0000000086400000| Untracked 
| 101|0x0000000086500000, 0x0000000086500000, 0x0000000086600000|  0%| F|  |TAMS 0x0000000086500000, 0x0000000086500000| Untracked 
| 102|0x0000000086600000, 0x0000000086600000, 0x0000000086700000|  0%| F|  |TAMS 0x0000000086600000, 0x0000000086600000| Untracked 
| 103|0x0000000086700000, 0x0000000086700000, 0x0000000086800000|  0%| F|  |TAMS 0x0000000086700000, 0x0000000086700000| Untracked 
| 104|0x0000000086800000, 0x0000000086800000, 0x0000000086900000|  0%| F|  |TAMS 0x0000000086800000, 0x0000000086800000| Untracked 
| 105|0x0000000086900000, 0x0000000086900000, 0x0000000086a00000|  0%| F|  |TAMS 0x0000000086900000, 0x0000000086900000| Untracked 
| 106|0x0000000086a00000, 0x0000000086a00000, 0x0000000086b00000|  0%| F|  |TAMS 0x0000000086a00000, 0x0000000086a00000| Untracked 
| 107|0x0000000086b00000, 0x0000000086b00000, 0x0000000086c00000|  0%| F|  |TAMS 0x0000000086b00000, 0x0000000086b00000| Untracked 
| 108|0x0000000086c00000, 0x0000000086c00000, 0x0000000086d00000|  0%| F|  |TAMS 0x0000000086c00000, 0x0000000086c00000| Untracked 
| 109|0x0000000086d00000, 0x0000000086d00000, 0x0000000086e00000|  0%| F|  |TAMS 0x0000000086d00000, 0x0000000086d00000| Untracked 
| 110|0x0000000086e00000, 0x0000000086e00000, 0x0000000086f00000|  0%| F|  |TAMS 0x0000000086e00000, 0x0000000086e00000| Untracked 
| 111|0x0000000086f00000, 0x0000000086f00000, 0x0000000087000000|  0%| F|  |TAMS 0x0000000086f00000, 0x0000000086f00000| Untracked 
| 112|0x0000000087000000, 0x0000000087000000, 0x0000000087100000|  0%| F|  |TAMS 0x0000000087000000, 0x0000000087000000| Untracked 
| 113|0x0000000087100000, 0x0000000087100000, 0x0000000087200000|  0%| F|  |TAMS 0x0000000087100000, 0x0000000087100000| Untracked 
| 114|0x0000000087200000, 0x0000000087200000, 0x0000000087300000|  0%| F|  |TAMS 0x0000000087200000, 0x0000000087200000| Untracked 
| 115|0x0000000087300000, 0x0000000087300000, 0x0000000087400000|  0%| F|  |TAMS 0x0000000087300000, 0x0000000087300000| Untracked 
| 116|0x0000000087400000, 0x0000000087400000, 0x0000000087500000|  0%| F|  |TAMS 0x0000000087400000, 0x0000000087400000| Untracked 
| 117|0x0000000087500000, 0x0000000087500000, 0x0000000087600000|  0%| F|  |TAMS 0x0000000087500000, 0x0000000087500000| Untracked 
| 118|0x0000000087600000, 0x0000000087600000, 0x0000000087700000|  0%| F|  |TAMS 0x0000000087600000, 0x0000000087600000| Untracked 
| 119|0x0000000087700000, 0x0000000087700000, 0x0000000087800000|  0%| F|  |TAMS 0x0000000087700000, 0x0000000087700000| Untracked 
| 120|0x0000000087800000, 0x0000000087800000, 0x0000000087900000|  0%| F|  |TAMS 0x0000000087800000, 0x0000000087800000| Untracked 
| 121|0x0000000087900000, 0x0000000087900000, 0x0000000087a00000|  0%| F|  |TAMS 0x0000000087900000, 0x0000000087900000| Untracked 
| 122|0x0000000087a00000, 0x0000000087a00000, 0x0000000087b00000|  0%| F|  |TAMS 0x0000000087a00000, 0x0000000087a00000| Untracked 
| 123|0x0000000087b00000, 0x0000000087b00000, 0x0000000087c00000|  0%| F|  |TAMS 0x0000000087b00000, 0x0000000087b00000| Untracked 
| 124|0x0000000087c00000, 0x0000000087c00000, 0x0000000087d00000|  0%| F|  |TAMS 0x0000000087c00000, 0x0000000087c00000| Untracked 
| 125|0x0000000087d00000, 0x0000000087d00000, 0x0000000087e00000|  0%| F|  |TAMS 0x0000000087d00000, 0x0000000087d00000| Untracked 
| 126|0x0000000087e00000, 0x0000000087e00000, 0x0000000087f00000|  0%| F|  |TAMS 0x0000000087e00000, 0x0000000087e00000| Untracked 
| 127|0x0000000087f00000, 0x0000000087f00000, 0x0000000088000000|  0%| F|  |TAMS 0x0000000087f00000, 0x0000000087f00000| Untracked 
| 128|0x0000000088000000, 0x0000000088000000, 0x0000000088100000|  0%| F|  |TAMS 0x0000000088000000, 0x0000000088000000| Untracked 
| 129|0x0000000088100000, 0x0000000088100000, 0x0000000088200000|  0%| F|  |TAMS 0x0000000088100000, 0x0000000088100000| Untracked 
| 130|0x0000000088200000, 0x0000000088200000, 0x0000000088300000|  0%| F|  |TAMS 0x0000000088200000, 0x0000000088200000| Untracked 
| 131|0x0000000088300000, 0x0000000088300000, 0x0000000088400000|  0%| F|  |TAMS 0x0000000088300000, 0x0000000088300000| Untracked 
| 132|0x0000000088400000, 0x0000000088400000, 0x0000000088500000|  0%| F|  |TAMS 0x0000000088400000, 0x0000000088400000| Untracked 
| 133|0x0000000088500000, 0x0000000088500000, 0x0000000088600000|  0%| F|  |TAMS 0x0000000088500000, 0x0000000088500000| Untracked 
| 134|0x0000000088600000, 0x0000000088600000, 0x0000000088700000|  0%| F|  |TAMS 0x0000000088600000, 0x0000000088600000| Untracked 
| 135|0x0000000088700000, 0x0000000088700000, 0x0000000088800000|  0%| F|  |TAMS 0x0000000088700000, 0x0000000088700000| Untracked 
| 136|0x0000000088800000, 0x0000000088800000, 0x0000000088900000|  0%| F|  |TAMS 0x0000000088800000, 0x0000000088800000| Untracked 
| 137|0x0000000088900000, 0x0000000088900000, 0x0000000088a00000|  0%| F|  |TAMS 0x0000000088900000, 0x0000000088900000| Untracked 
| 138|0x0000000088a00000, 0x0000000088a00000, 0x0000000088b00000|  0%| F|  |TAMS 0x0000000088a00000, 0x0000000088a00000| Untracked 
| 139|0x0000000088b00000, 0x0000000088b00000, 0x0000000088c00000|  0%| F|  |TAMS 0x0000000088b00000, 0x0000000088b00000| Untracked 
| 140|0x0000000088c00000, 0x0000000088c00000, 0x0000000088d00000|  0%| F|  |TAMS 0x0000000088c00000, 0x0000000088c00000| Untracked 
| 141|0x0000000088d00000, 0x0000000088d00000, 0x0000000088e00000|  0%| F|  |TAMS 0x0000000088d00000, 0x0000000088d00000| Untracked 
| 142|0x0000000088e00000, 0x0000000088e00000, 0x0000000088f00000|  0%| F|  |TAMS 0x0000000088e00000, 0x0000000088e00000| Untracked 
| 143|0x0000000088f00000, 0x0000000088f00000, 0x0000000089000000|  0%| F|  |TAMS 0x0000000088f00000, 0x0000000088f00000| Untracked 
| 144|0x0000000089000000, 0x0000000089000000, 0x0000000089100000|  0%| F|  |TAMS 0x0000000089000000, 0x0000000089000000| Untracked 
| 145|0x0000000089100000, 0x0000000089100000, 0x0000000089200000|  0%| F|  |TAMS 0x0000000089100000, 0x0000000089100000| Untracked 
| 146|0x0000000089200000, 0x0000000089200000, 0x0000000089300000|  0%| F|  |TAMS 0x0000000089200000, 0x0000000089200000| Untracked 
| 147|0x0000000089300000, 0x0000000089300000, 0x0000000089400000|  0%| F|  |TAMS 0x0000000089300000, 0x0000000089300000| Untracked 
| 148|0x0000000089400000, 0x0000000089400000, 0x0000000089500000|  0%| F|  |TAMS 0x0000000089400000, 0x0000000089400000| Untracked 
| 149|0x0000000089500000, 0x0000000089500000, 0x0000000089600000|  0%| F|  |TAMS 0x0000000089500000, 0x0000000089500000| Untracked 
| 150|0x0000000089600000, 0x0000000089600000, 0x0000000089700000|  0%| F|  |TAMS 0x0000000089600000, 0x0000000089600000| Untracked 
| 151|0x0000000089700000, 0x0000000089700000, 0x0000000089800000|  0%| F|  |TAMS 0x0000000089700000, 0x0000000089700000| Untracked 
| 152|0x0000000089800000, 0x0000000089800000, 0x0000000089900000|  0%| F|  |TAMS 0x0000000089800000, 0x0000000089800000| Untracked 
| 153|0x0000000089900000, 0x0000000089900000, 0x0000000089a00000|  0%| F|  |TAMS 0x0000000089900000, 0x0000000089900000| Untracked 
| 154|0x0000000089a00000, 0x0000000089a00000, 0x0000000089b00000|  0%| F|  |TAMS 0x0000000089a00000, 0x0000000089a00000| Untracked 
| 155|0x0000000089b00000, 0x0000000089b00000, 0x0000000089c00000|  0%| F|  |TAMS 0x0000000089b00000, 0x0000000089b00000| Untracked 
| 156|0x0000000089c00000, 0x0000000089c00000, 0x0000000089d00000|  0%| F|  |TAMS 0x0000000089c00000, 0x0000000089c00000| Untracked 
| 157|0x0000000089d00000, 0x0000000089d00000, 0x0000000089e00000|  0%| F|  |TAMS 0x0000000089d00000, 0x0000000089d00000| Untracked 
| 158|0x0000000089e00000, 0x0000000089e00000, 0x0000000089f00000|  0%| F|  |TAMS 0x0000000089e00000, 0x0000000089e00000| Untracked 
| 159|0x0000000089f00000, 0x0000000089f00000, 0x000000008a000000|  0%| F|  |TAMS 0x0000000089f00000, 0x0000000089f00000| Untracked 
| 160|0x000000008a000000, 0x000000008a000000, 0x000000008a100000|  0%| F|  |TAMS 0x000000008a000000, 0x000000008a000000| Untracked 
| 161|0x000000008a100000, 0x000000008a100000, 0x000000008a200000|  0%| F|  |TAMS 0x000000008a100000, 0x000000008a100000| Untracked 
| 162|0x000000008a200000, 0x000000008a200000, 0x000000008a300000|  0%| F|  |TAMS 0x000000008a200000, 0x000000008a200000| Untracked 
| 163|0x000000008a300000, 0x000000008a35a740, 0x000000008a400000| 35%| S|CS|TAMS 0x000000008a300000, 0x000000008a300000| Complete 
| 164|0x000000008a400000, 0x000000008a500000, 0x000000008a500000|100%| S|CS|TAMS 0x000000008a400000, 0x000000008a400000| Complete 
| 165|0x000000008a500000, 0x000000008a600000, 0x000000008a600000|100%| S|CS|TAMS 0x000000008a500000, 0x000000008a500000| Complete 
| 166|0x000000008a600000, 0x000000008a700000, 0x000000008a700000|100%| S|CS|TAMS 0x000000008a600000, 0x000000008a600000| Complete 
| 167|0x000000008a700000, 0x000000008a800000, 0x000000008a800000|100%| S|CS|TAMS 0x000000008a700000, 0x000000008a700000| Complete 
| 168|0x000000008a800000, 0x000000008a900000, 0x000000008a900000|100%| S|CS|TAMS 0x000000008a800000, 0x000000008a800000| Complete 
| 169|0x000000008a900000, 0x000000008a900000, 0x000000008aa00000|  0%| F|  |TAMS 0x000000008a900000, 0x000000008a900000| Untracked 
| 170|0x000000008aa00000, 0x000000008aa00000, 0x000000008ab00000|  0%| F|  |TAMS 0x000000008aa00000, 0x000000008aa00000| Untracked 
| 171|0x000000008ab00000, 0x000000008ab00000, 0x000000008ac00000|  0%| F|  |TAMS 0x000000008ab00000, 0x000000008ab00000| Untracked 
| 172|0x000000008ac00000, 0x000000008ac00000, 0x000000008ad00000|  0%| F|  |TAMS 0x000000008ac00000, 0x000000008ac00000| Untracked 
| 173|0x000000008ad00000, 0x000000008ad00000, 0x000000008ae00000|  0%| F|  |TAMS 0x000000008ad00000, 0x000000008ad00000| Untracked 
| 174|0x000000008ae00000, 0x000000008ae00000, 0x000000008af00000|  0%| F|  |TAMS 0x000000008ae00000, 0x000000008ae00000| Untracked 
| 175|0x000000008af00000, 0x000000008af00000, 0x000000008b000000|  0%| F|  |TAMS 0x000000008af00000, 0x000000008af00000| Untracked 
| 176|0x000000008b000000, 0x000000008b000000, 0x000000008b100000|  0%| F|  |TAMS 0x000000008b000000, 0x000000008b000000| Untracked 
| 177|0x000000008b100000, 0x000000008b100000, 0x000000008b200000|  0%| F|  |TAMS 0x000000008b100000, 0x000000008b100000| Untracked 
| 178|0x000000008b200000, 0x000000008b200000, 0x000000008b300000|  0%| F|  |TAMS 0x000000008b200000, 0x000000008b200000| Untracked 
| 179|0x000000008b300000, 0x000000008b300000, 0x000000008b400000|  0%| F|  |TAMS 0x000000008b300000, 0x000000008b300000| Untracked 
| 180|0x000000008b400000, 0x000000008b400000, 0x000000008b500000|  0%| F|  |TAMS 0x000000008b400000, 0x000000008b400000| Untracked 
| 181|0x000000008b500000, 0x000000008b500000, 0x000000008b600000|  0%| F|  |TAMS 0x000000008b500000, 0x000000008b500000| Untracked 
| 182|0x000000008b600000, 0x000000008b600000, 0x000000008b700000|  0%| F|  |TAMS 0x000000008b600000, 0x000000008b600000| Untracked 
| 183|0x000000008b700000, 0x000000008b700000, 0x000000008b800000|  0%| F|  |TAMS 0x000000008b700000, 0x000000008b700000| Untracked 
| 184|0x000000008b800000, 0x000000008b800000, 0x000000008b900000|  0%| F|  |TAMS 0x000000008b800000, 0x000000008b800000| Untracked 
| 185|0x000000008b900000, 0x000000008b900000, 0x000000008ba00000|  0%| F|  |TAMS 0x000000008b900000, 0x000000008b900000| Untracked 
| 186|0x000000008ba00000, 0x000000008ba00000, 0x000000008bb00000|  0%| F|  |TAMS 0x000000008ba00000, 0x000000008ba00000| Untracked 
| 187|0x000000008bb00000, 0x000000008bb00000, 0x000000008bc00000|  0%| F|  |TAMS 0x000000008bb00000, 0x000000008bb00000| Untracked 
| 188|0x000000008bc00000, 0x000000008bc00000, 0x000000008bd00000|  0%| F|  |TAMS 0x000000008bc00000, 0x000000008bc00000| Untracked 
| 189|0x000000008bd00000, 0x000000008bd00000, 0x000000008be00000|  0%| F|  |TAMS 0x000000008bd00000, 0x000000008bd00000| Untracked 
| 190|0x000000008be00000, 0x000000008be00000, 0x000000008bf00000|  0%| F|  |TAMS 0x000000008be00000, 0x000000008be00000| Untracked 
| 191|0x000000008bf00000, 0x000000008bf00000, 0x000000008c000000|  0%| F|  |TAMS 0x000000008bf00000, 0x000000008bf00000| Untracked 

Card table byte_map: [0x000000c276230000,0x000000c276630000] _byte_map_base: 0x000000c275e30000

Marking Bits (Prev, Next): (CMBitMap*) 0x000000c272399138, (CMBitMap*) 0x000000c272399170
 Prev Bits: [0x000000c276a30000, 0x000000c278a30000)
 Next Bits: [0x000000c278a30000, 0x000000c27aa30000)

Polling page: 0x000000c2702a0000

Metaspace:

Usage:
  Non-class:     88.35 MB capacity,    86.98 MB ( 98%) used,     1.09 MB (  1%) free+waste,   292.13 KB ( <1%) overhead. 
      Class:     13.66 MB capacity,    12.82 MB ( 94%) used,   727.82 KB (  5%) free+waste,   127.50 KB ( <1%) overhead. 
       Both:    102.01 MB capacity,    99.80 MB ( 98%) used,     1.80 MB (  2%) free+waste,   419.63 KB ( <1%) overhead. 

Virtual space:
  Non-class space:      102.00 MB reserved,      88.46 MB ( 87%) committed 
      Class space:        1.00 GB reserved,      13.75 MB (  1%) committed 
             Both:        1.10 GB reserved,     102.21 MB (  9%) committed 

Chunk freelists:
   Non-Class:  113.00 KB
       Class:  64.00 KB
        Both:  177.00 KB

MaxMetaspaceSize: 17179869184.00 GB
CompressedClassSpaceSize: 1.00 GB
Initial GC threshold: 20.80 MB
Current GC threshold: 163.59 MB
CDS: off

CodeHeap 'non-profiled nmethods': size=120064Kb used=10956Kb max_used=10956Kb free=109107Kb
 bounds [0x000000c207ac0000, 0x000000c208580000, 0x000000c20f000000]
CodeHeap 'profiled nmethods': size=120000Kb used=31966Kb max_used=31966Kb free=88033Kb
 bounds [0x000000c200590000, 0x000000c2024d0000, 0x000000c207ac0000]
CodeHeap 'non-nmethods': size=5696Kb used=2413Kb max_used=2440Kb free=3282Kb
 bounds [0x000000c200000000, 0x000000c200270000, 0x000000c200590000]
 total_blobs=14848 nmethods=13906 adapters=854
 compilation: enabled
              stopped_count=0, restarted_count=0
 full_count=0

Compilation events (20 events):
Event: 187.099 Thread 0x000000c27dd06000 13955 %     4       sun.security.provider.SHA2::implCompress0 @ 3 (466 bytes)
Event: 187.099 Thread 0x000000c27dd07000 nmethod 13956 0x000000c2024c3b10 code [0x000000c2024c3d00, 0x000000c2024c4208]
Event: 187.099 Thread 0x000000c27dd07000 13957       3       java.math.MutableBigInteger::<init> (22 bytes)
Event: 187.099 Thread 0x000000c27dd07000 nmethod 13957 0x000000c2024c4410 code [0x000000c2024c45c0, 0x000000c2024c4818]
Event: 187.099 Thread 0x000000c27dd07000 13958       1       sun.security.provider.DigestBase::engineGetDigestLength (5 bytes)
Event: 187.099 Thread 0x000000c27dd07000 nmethod 13958 0x000000c208572d90 code [0x000000c208572f40, 0x000000c208572ff8]
Event: 187.099 Thread 0x000000c27dd07000 13959       3       sun.security.ec.XECOperations::bitAt (23 bytes)
Event: 187.099 Thread 0x000000c27dd07000 nmethod 13959 0x000000c2024c4910 code [0x000000c2024c4ac0, 0x000000c2024c4c58]
Event: 187.099 Thread 0x000000c27dd07000 13960       3       sun.security.util.math.intpoly.IntegerPolynomial$MutableElement::setProduct (6 bytes)
Event: 187.100 Thread 0x000000c27dd07000 nmethod 13960 0x000000c2024c4d90 code [0x000000c2024c4f80, 0x000000c2024c5468]
Event: 187.100 Thread 0x000000c27dd07000 13961       3       sun.security.util.math.intpoly.IntegerPolynomial$MutableElement::setProduct (28 bytes)
Event: 187.100 Thread 0x000000c27dd07000 nmethod 13961 0x000000c2024c5690 code [0x000000c2024c5860, 0x000000c2024c5cc8]
Event: 187.100 Thread 0x000000c27dd07000 13962       3       sun.security.util.math.intpoly.IntegerPolynomial25519::reduce (92 bytes)
Event: 187.100 Thread 0x000000c27dd07000 nmethod 13962 0x000000c2024c5e90 code [0x000000c2024c6060, 0x000000c2024c64c8]
Event: 187.100 Thread 0x000000c27dd07000 13964       3       sun.security.util.BitArray::<init> (106 bytes)
Event: 187.100 Thread 0x000000c27dd07000 nmethod 13964 0x000000c2024c6610 code [0x000000c2024c6820, 0x000000c2024c6e08]
Event: 187.103 Thread 0x000000c27dd07000 13965       3       java.math.BigInteger::signInt (13 bytes)
Event: 187.103 Thread 0x000000c27dd07000 nmethod 13965 0x000000c2024c7010 code [0x000000c2024c71c0, 0x000000c2024c7318]
Event: 187.103 Thread 0x000000c27dd07000 13966       3       java.math.MutableBigInteger::toBigInteger (28 bytes)
Event: 187.103 Thread 0x000000c27dd07000 nmethod 13966 0x000000c2024c7390 code [0x000000c2024c7560, 0x000000c2024c77d8]

GC Heap History (20 events):
Event: 110.039 GC heap before
{Heap before GC invocations=22 (full 0):
 garbage-first heap   total 196608K, used 162597K [0x0000000080000000, 0x0000000100000000)
  region size 1024K, 99 young (101376K), 7 survivors (7168K)
 Metaspace       used 80642K, capacity 82612K, committed 82816K, reserved 1120256K
  class space    used 10527K, capacity 11271K, committed 11392K, reserved 1048576K
}
Event: 110.049 GC heap after
{Heap after GC invocations=23 (full 0):
 garbage-first heap   total 196608K, used 71461K [0x0000000080000000, 0x0000000100000000)
  region size 1024K, 10 young (10240K), 10 survivors (10240K)
 Metaspace       used 80642K, capacity 82612K, committed 82816K, reserved 1120256K
  class space    used 10527K, capacity 11271K, committed 11392K, reserved 1048576K
}
Event: 120.546 GC heap before
{Heap before GC invocations=23 (full 0):
 garbage-first heap   total 196608K, used 163621K [0x0000000080000000, 0x0000000100000000)
  region size 1024K, 100 young (102400K), 10 survivors (10240K)
 Metaspace       used 84931K, capacity 86914K, committed 87168K, reserved 1124352K
  class space    used 11109K, capacity 11869K, committed 11904K, reserved 1048576K
}
Event: 120.558 GC heap after
{Heap after GC invocations=24 (full 0):
 garbage-first heap   total 196608K, used 73713K [0x0000000080000000, 0x0000000100000000)
  region size 1024K, 6 young (6144K), 6 survivors (6144K)
 Metaspace       used 84931K, capacity 86914K, committed 87168K, reserved 1124352K
  class space    used 11109K, capacity 11869K, committed 11904K, reserved 1048576K
}
Event: 133.119 GC heap before
{Heap before GC invocations=24 (full 0):
 garbage-first heap   total 196608K, used 164849K [0x0000000080000000, 0x0000000100000000)
  region size 1024K, 95 young (97280K), 6 survivors (6144K)
 Metaspace       used 88067K, capacity 90237K, committed 90496K, reserved 1128448K
  class space    used 11512K, capacity 12299K, committed 12416K, reserved 1048576K
}
Event: 133.133 GC heap after
{Heap after GC invocations=25 (full 0):
 garbage-first heap   total 196608K, used 79790K [0x0000000080000000, 0x0000000100000000)
  region size 1024K, 12 young (12288K), 12 survivors (12288K)
 Metaspace       used 88067K, capacity 90237K, committed 90496K, reserved 1128448K
  class space    used 11512K, capacity 12299K, committed 12416K, reserved 1048576K
}
Event: 151.251 GC heap before
{Heap before GC invocations=25 (full 0):
 garbage-first heap   total 196608K, used 162734K [0x0000000080000000, 0x0000000100000000)
  region size 1024K, 94 young (96256K), 12 survivors (12288K)
 Metaspace       used 89602K, capacity 91824K, committed 92032K, reserved 1128448K
  class space    used 11719K, capacity 12600K, committed 12672K, reserved 1048576K
}
Event: 151.280 GC heap after
{Heap after GC invocations=26 (full 0):
 garbage-first heap   total 196608K, used 84327K [0x0000000080000000, 0x0000000100000000)
  region size 1024K, 5 young (5120K), 5 survivors (5120K)
 Metaspace       used 89602K, capacity 91824K, committed 92032K, reserved 1128448K
  class space    used 11719K, capacity 12600K, committed 12672K, reserved 1048576K
}
Event: 158.818 GC heap before
{Heap before GC invocations=26 (full 0):
 garbage-first heap   total 196608K, used 162151K [0x0000000080000000, 0x0000000100000000)
  region size 1024K, 82 young (83968K), 5 survivors (5120K)
 Metaspace       used 91314K, capacity 93642K, committed 93952K, reserved 1130496K
  class space    used 11866K, capacity 12722K, committed 12800K, reserved 1048576K
}
Event: 158.832 GC heap after
{Heap after GC invocations=27 (full 0):
 garbage-first heap   total 196608K, used 85919K [0x0000000080000000, 0x0000000100000000)
  region size 1024K, 7 young (7168K), 7 survivors (7168K)
 Metaspace       used 91314K, capacity 93642K, committed 93952K, reserved 1130496K
  class space    used 11866K, capacity 12722K, committed 12800K, reserved 1048576K
}
Event: 168.568 GC heap before
{Heap before GC invocations=27 (full 0):
 garbage-first heap   total 196608K, used 162719K [0x0000000080000000, 0x0000000100000000)
  region size 1024K, 83 young (84992K), 7 survivors (7168K)
 Metaspace       used 93139K, capacity 95469K, committed 95744K, reserved 1132544K
  class space    used 12018K, capacity 12956K, committed 13056K, reserved 1048576K
}
Event: 168.585 GC heap after
{Heap after GC invocations=28 (full 0):
 garbage-first heap   total 196608K, used 88810K [0x0000000080000000, 0x0000000100000000)
  region size 1024K, 6 young (6144K), 6 survivors (6144K)
 Metaspace       used 93139K, capacity 95469K, committed 95744K, reserved 1132544K
  class space    used 12018K, capacity 12956K, committed 13056K, reserved 1048576K
}
Event: 184.311 GC heap before
{Heap before GC invocations=28 (full 0):
 garbage-first heap   total 196608K, used 164586K [0x0000000080000000, 0x0000000100000000)
  region size 1024K, 81 young (82944K), 6 survivors (6144K)
 Metaspace       used 95027K, capacity 97439K, committed 97664K, reserved 1134592K
  class space    used 12234K, capacity 13164K, committed 13184K, reserved 1048576K
}
Event: 184.317 GC heap after
{Heap after GC invocations=29 (full 0):
 garbage-first heap   total 196608K, used 88755K [0x0000000080000000, 0x0000000100000000)
  region size 1024K, 6 young (6144K), 6 survivors (6144K)
 Metaspace       used 95027K, capacity 97439K, committed 97664K, reserved 1134592K
  class space    used 12234K, capacity 13164K, committed 13184K, reserved 1048576K
}
Event: 185.409 GC heap before
{Heap before GC invocations=29 (full 0):
 garbage-first heap   total 196608K, used 160435K [0x0000000080000000, 0x0000000100000000)
  region size 1024K, 77 young (78848K), 6 survivors (6144K)
 Metaspace       used 97547K, capacity 99903K, committed 100056K, reserved 1136640K
  class space    used 12535K, capacity 13452K, committed 13568K, reserved 1048576K
}
Event: 185.418 GC heap after
{Heap after GC invocations=30 (full 0):
 garbage-first heap   total 196608K, used 91302K [0x0000000080000000, 0x0000000100000000)
  region size 1024K, 8 young (8192K), 8 survivors (8192K)
 Metaspace       used 97547K, capacity 99903K, committed 100056K, reserved 1136640K
  class space    used 12535K, capacity 13452K, committed 13568K, reserved 1048576K
}
Event: 186.783 GC heap before
{Heap before GC invocations=31 (full 0):
 garbage-first heap   total 196608K, used 166054K [0x0000000080000000, 0x0000000100000000)
  region size 1024K, 82 young (83968K), 8 survivors (8192K)
 Metaspace       used 100625K, capacity 102884K, committed 103256K, reserved 1138688K
  class space    used 12912K, capacity 13780K, committed 13952K, reserved 1048576K
}
Event: 186.796 GC heap after
{Heap after GC invocations=32 (full 0):
 garbage-first heap   total 196608K, used 93928K [0x0000000080000000, 0x0000000100000000)
  region size 1024K, 8 young (8192K), 8 survivors (8192K)
 Metaspace       used 100625K, capacity 102884K, committed 103256K, reserved 1138688K
  class space    used 12912K, capacity 13780K, committed 13952K, reserved 1048576K
}
Event: 187.111 GC heap before
{Heap before GC invocations=32 (full 0):
 garbage-first heap   total 196608K, used 116456K [0x0000000080000000, 0x0000000100000000)
  region size 1024K, 31 young (31744K), 8 survivors (8192K)
 Metaspace       used 102196K, capacity 104455K, committed 104664K, reserved 1150976K
  class space    used 13128K, capacity 13984K, committed 14080K, reserved 1048576K
}
Event: 187.120 GC heap after
{Heap after GC invocations=33 (full 0):
 garbage-first heap   total 196608K, used 93986K [0x0000000080000000, 0x0000000100000000)
  region size 1024K, 6 young (6144K), 6 survivors (6144K)
 Metaspace       used 102196K, capacity 104455K, committed 104664K, reserved 1150976K
  class space    used 13128K, capacity 13984K, committed 14080K, reserved 1048576K
}

Deoptimization events (20 events):
Event: 187.039 Thread 0x000000c214add000 Uncommon trap: trap_request=0xffffff4d fr.pc=0x000000c207e891b4 relative=0x0000000000000194
Event: 187.039 Thread 0x000000c214add000 Uncommon trap: reason=unstable_if action=reinterpret pc=0x000000c207e891b4 method=java.nio.Buffer.<init>(IIII)V @ 44 c2
Event: 187.039 Thread 0x000000c214add000 DEOPT PACKING pc=0x000000c207e891b4 sp=0x000000c21e2f8a70
Event: 187.039 Thread 0x000000c214add000 DEOPT UNPACKING pc=0x000000c20004a1af sp=0x000000c21e2f89d0 mode 2
Event: 187.039 Thread 0x000000c214add000 Uncommon trap: trap_request=0xffffff4d fr.pc=0x000000c207e76f84 relative=0x0000000000000344
Event: 187.039 Thread 0x000000c214add000 Uncommon trap: reason=unstable_if action=reinterpret pc=0x000000c207e76f84 method=jdk.internal.util.ArraysSupport.mismatch([BI[BII)I @ 16 c2
Event: 187.039 Thread 0x000000c214add000 DEOPT PACKING pc=0x000000c207e76f84 sp=0x000000c21e2f8ad0
Event: 187.039 Thread 0x000000c214add000 DEOPT UNPACKING pc=0x000000c20004a1af sp=0x000000c21e2f8a00 mode 2
Event: 187.039 Thread 0x000000c214add000 Uncommon trap: trap_request=0xffffff4d fr.pc=0x000000c207e75fb4 relative=0x00000000000001f4
Event: 187.039 Thread 0x000000c214add000 Uncommon trap: reason=unstable_if action=reinterpret pc=0x000000c207e75fb4 method=jdk.internal.util.ArraysSupport.mismatch([BI[BII)I @ 16 c2
Event: 187.039 Thread 0x000000c214add000 DEOPT PACKING pc=0x000000c207e75fb4 sp=0x000000c21e2f8a40
Event: 187.039 Thread 0x000000c214add000 DEOPT UNPACKING pc=0x000000c20004a1af sp=0x000000c21e2f8a00 mode 2
Event: 187.087 Thread 0x000000c214add000 DEOPT PACKING pc=0x000000c2014fdb35 sp=0x000000c21e2f7d50
Event: 187.087 Thread 0x000000c214add000 DEOPT UNPACKING pc=0x000000c20004a95e sp=0x000000c21e2f71c0 mode 0
Event: 187.089 Thread 0x000000c214add000 Uncommon trap: trap_request=0xffffff4d fr.pc=0x000000c208101258 relative=0x0000000000000498
Event: 187.089 Thread 0x000000c214add000 Uncommon trap: reason=unstable_if action=reinterpret pc=0x000000c208101258 method=java.util.ArrayList.toArray([Ljava/lang/Object;)[Ljava/lang/Object; @ 45 c2
Event: 187.089 Thread 0x000000c214add000 DEOPT PACKING pc=0x000000c208101258 sp=0x000000c21e2f8700
Event: 187.089 Thread 0x000000c214add000 DEOPT UNPACKING pc=0x000000c20004a1af sp=0x000000c21e2f8708 mode 2
Event: 187.096 Thread 0x000000c214add000 DEOPT PACKING pc=0x000000c2014fdb35 sp=0x000000c21e2f84e0
Event: 187.096 Thread 0x000000c214add000 DEOPT UNPACKING pc=0x000000c20004a95e sp=0x000000c21e2f7950 mode 0

Classes redefined (0 events):
No events

Internal exceptions (20 events):
Event: 157.277 Thread 0x000000c214ae1000 Exception <a 'java/lang/reflect/InvocationTargetException'{0x0000000087e09530}> (0x0000000087e09530) thrown at [./src/hotspot/share/runtime/reflection.cpp, line 1247]
Event: 157.286 Thread 0x000000c20f50b800 Exception <a 'java/lang/NoSuchMethodError'{0x0000000087d56890}: <clinit>> (0x0000000087d56890) thrown at [./src/hotspot/share/prims/jni.cpp, line 1365]
Event: 157.288 Thread 0x000000c20f50b800 Exception <a 'java/lang/NoSuchMethodError'{0x0000000087d813a0}: <clinit>> (0x0000000087d813a0) thrown at [./src/hotspot/share/prims/jni.cpp, line 1365]
Event: 160.226 Thread 0x000000c214add000 Exception <a 'sun/nio/fs/WindowsException'{0x000000008ab612b0}> (0x000000008ab612b0) thrown at [./src/hotspot/share/prims/jni.cpp, line 615]
Event: 160.227 Thread 0x000000c214add000 Exception <a 'sun/nio/fs/WindowsException'{0x000000008ab62490}> (0x000000008ab62490) thrown at [./src/hotspot/share/prims/jni.cpp, line 615]
Event: 160.227 Thread 0x000000c214add000 Exception <a 'sun/nio/fs/WindowsException'{0x000000008ab63418}> (0x000000008ab63418) thrown at [./src/hotspot/share/prims/jni.cpp, line 615]
Event: 160.227 Thread 0x000000c214add000 Exception <a 'sun/nio/fs/WindowsException'{0x000000008ab63588}> (0x000000008ab63588) thrown at [./src/hotspot/share/prims/jni.cpp, line 615]
Event: 160.227 Thread 0x000000c214add000 Exception <a 'sun/nio/fs/WindowsException'{0x000000008ab65270}> (0x000000008ab65270) thrown at [./src/hotspot/share/prims/jni.cpp, line 615]
Event: 160.227 Thread 0x000000c214add000 Exception <a 'sun/nio/fs/WindowsException'{0x000000008ab653d0}> (0x000000008ab653d0) thrown at [./src/hotspot/share/prims/jni.cpp, line 615]
Event: 160.227 Thread 0x000000c214add000 Exception <a 'sun/nio/fs/WindowsException'{0x000000008ab670b0}> (0x000000008ab670b0) thrown at [./src/hotspot/share/prims/jni.cpp, line 615]
Event: 160.258 Thread 0x000000c214add000 Exception <a 'sun/nio/fs/WindowsException'{0x000000008ab886c0}> (0x000000008ab886c0) thrown at [./src/hotspot/share/prims/jni.cpp, line 615]
Event: 160.258 Thread 0x000000c214add000 Exception <a 'sun/nio/fs/WindowsException'{0x000000008ab89570}> (0x000000008ab89570) thrown at [./src/hotspot/share/prims/jni.cpp, line 615]
Event: 162.871 Thread 0x000000c214add000 Exception <a 'java/lang/NoSuchMethodError'{0x0000000088f1fbb0}: <clinit>> (0x0000000088f1fbb0) thrown at [./src/hotspot/share/prims/jni.cpp, line 1365]
Event: 168.351 Thread 0x000000c214ae1000 Exception <a 'sun/nio/fs/WindowsException'{0x0000000087658428}> (0x0000000087658428) thrown at [./src/hotspot/share/prims/jni.cpp, line 615]
Event: 168.351 Thread 0x000000c214ae1000 Exception <a 'sun/nio/fs/WindowsException'{0x0000000087659308}> (0x0000000087659308) thrown at [./src/hotspot/share/prims/jni.cpp, line 615]
Event: 168.351 Thread 0x000000c214ae1000 Exception <a 'sun/nio/fs/WindowsException'{0x0000000087659630}> (0x0000000087659630) thrown at [./src/hotspot/share/prims/jni.cpp, line 615]
Event: 168.351 Thread 0x000000c214ae1000 Exception <a 'sun/nio/fs/WindowsException'{0x000000008765a4d8}> (0x000000008765a4d8) thrown at [./src/hotspot/share/prims/jni.cpp, line 615]
Event: 168.351 Thread 0x000000c214ae1000 Exception <a 'sun/nio/fs/WindowsException'{0x000000008765a7d8}> (0x000000008765a7d8) thrown at [./src/hotspot/share/prims/jni.cpp, line 615]
Event: 168.351 Thread 0x000000c214ae1000 Exception <a 'sun/nio/fs/WindowsException'{0x000000008765b668}> (0x000000008765b668) thrown at [./src/hotspot/share/prims/jni.cpp, line 615]
Event: 186.168 Thread 0x000000c214add000 Exception <a 'sun/nio/fs/WindowsException'{0x000000008b0492e8}> (0x000000008b0492e8) thrown at [./src/hotspot/share/prims/jni.cpp, line 615]

Events (20 events):
Event: 187.109 loading class com/sun/crypto/provider/TlsMasterSecretGenerator$TlsMasterSecretKey
Event: 187.109 loading class sun/security/internal/interfaces/TlsMasterSecret
Event: 187.109 loading class sun/security/internal/interfaces/TlsMasterSecret done
Event: 187.109 loading class com/sun/crypto/provider/TlsMasterSecretGenerator$TlsMasterSecretKey done
Event: 187.109 loading class sun/security/ssl/SSLTrafficKeyDerivation
Event: 187.109 loading class sun/security/ssl/SSLTrafficKeyDerivation done
Event: 187.109 loading class sun/security/ssl/SSLTrafficKeyDerivation$S30TrafficKeyDerivationGenerator
Event: 187.109 loading class sun/security/ssl/SSLTrafficKeyDerivation$S30TrafficKeyDerivationGenerator done
Event: 187.109 loading class sun/security/ssl/SSLTrafficKeyDerivation$T10TrafficKeyDerivationGenerator
Event: 187.109 loading class sun/security/ssl/SSLTrafficKeyDerivation$T10TrafficKeyDerivationGenerator done
Event: 187.109 loading class sun/security/ssl/SSLTrafficKeyDerivation$T12TrafficKeyDerivationGenerator
Event: 187.109 loading class sun/security/ssl/SSLTrafficKeyDerivation$T12TrafficKeyDerivationGenerator done
Event: 187.109 loading class sun/security/ssl/SSLTrafficKeyDerivation$T13TrafficKeyDerivationGenerator
Event: 187.110 loading class sun/security/ssl/SSLTrafficKeyDerivation$T13TrafficKeyDerivationGenerator done
Event: 187.110 loading class sun/security/ssl/SSLTrafficKeyDerivation$1
Event: 187.110 loading class sun/security/ssl/SSLTrafficKeyDerivation$1 done
Event: 187.110 loading class sun/security/ssl/SSLTrafficKeyDerivation$LegacyTrafficKeyDerivation
Event: 187.110 loading class sun/security/ssl/SSLTrafficKeyDerivation$LegacyTrafficKeyDerivation done
Event: 187.110 loading class sun/security/internal/spec/TlsKeyMaterialParameterSpec
Event: 187.111 Executing VM operation: CollectForMetadataAllocation


Dynamic libraries:
0x00007ff6b09a0000 - 0x00007ff6b09aa000 	C:\Program Files\Android\Android Studio\jre\bin\java.exe
0x00007ffb89df0000 - 0x00007ffb89f9d000 	C:\Windows\SYSTEM32\ntdll.dll
0x00007ffb87c10000 - 0x00007ffb87d4f000 	C:\Windows\system32\KERNEL32.DLL
0x00007ffb87300000 - 0x00007ffb87414000 	C:\Windows\system32\KERNELBASE.dll
0x00007ffb72840000 - 0x00007ffb72859000 	C:\Program Files\Android\Android Studio\jre\bin\jli.dll
0x00007ffb74b60000 - 0x00007ffb74b77000 	C:\Program Files\Android\Android Studio\jre\bin\VCRUNTIME140.dll
0x00007ffb7c920000 - 0x00007ffb7c924000 	C:\Windows\SYSTEM32\api-ms-win-crt-stdio-l1-1-0.dll
0x00007ffb7c940000 - 0x00007ffb7c944000 	C:\Windows\SYSTEM32\api-ms-win-crt-runtime-l1-1-0.dll
0x00007ffb7c8c0000 - 0x00007ffb7c8c3000 	C:\Windows\SYSTEM32\api-ms-win-crt-environment-l1-1-0.dll
0x00007ffb7c910000 - 0x00007ffb7c915000 	C:\Windows\SYSTEM32\api-ms-win-crt-math-l1-1-0.dll
0x00007ffb7c8b0000 - 0x00007ffb7c8b3000 	C:\Windows\SYSTEM32\api-ms-win-crt-locale-l1-1-0.dll
0x00007ffb7c950000 - 0x00007ffb7c953000 	C:\Windows\SYSTEM32\api-ms-win-crt-heap-l1-1-0.dll
0x00007ffb84ba0000 - 0x00007ffb84e1b000 	C:\Windows\WinSxS\amd64_microsoft.windows.common-controls_6595b64144ccf1df_6.0.9600.19394_none_62486577ecb635cf\COMCTL32.dll
0x00007ffb88120000 - 0x00007ffb88297000 	C:\Windows\system32\USER32.dll
0x00007ffb7c8d0000 - 0x00007ffb7c8d3000 	C:\Windows\SYSTEM32\api-ms-win-crt-filesystem-l1-1-0.dll
0x00007ffb7c930000 - 0x00007ffb7c934000 	C:\Windows\SYSTEM32\api-ms-win-crt-string-l1-1-0.dll
0x00007ffb7c900000 - 0x00007ffb7c904000 	C:\Windows\SYSTEM32\api-ms-win-crt-convert-l1-1-0.dll
0x00007ffb87ef0000 - 0x00007ffb87f9a000 	C:\Windows\system32\msvcrt.dll
0x00007ffb882b0000 - 0x00007ffb883ff000 	C:\Windows\system32\GDI32.dll
0x00007ffb7c790000 - 0x00007ffb7c884000 	C:\Windows\SYSTEM32\ucrtbase.DLL
0x00007ffb88400000 - 0x00007ffb88436000 	C:\Windows\system32\IMM32.DLL
0x00007ffb89ab0000 - 0x00007ffb89c01000 	C:\Windows\system32\MSCTF.dll
0x00007ffb74ac0000 - 0x00007ffb74b5d000 	C:\Program Files\Android\Android Studio\jre\bin\msvcp140.dll
0x00007ffb83750000 - 0x00007ffb83755000 	C:\Windows\SYSTEM32\api-ms-win-crt-multibyte-l1-1-0.dll
0x00007ffb7c8f0000 - 0x00007ffb7c8f3000 	C:\Windows\SYSTEM32\api-ms-win-crt-time-l1-1-0.dll
0x00007ffb7c8e0000 - 0x00007ffb7c8e3000 	C:\Windows\SYSTEM32\api-ms-win-crt-utility-l1-1-0.dll
0x00007ffb51520000 - 0x00007ffb52005000 	C:\Program Files\Android\Android Studio\jre\bin\server\jvm.dll
0x00007ffb87980000 - 0x00007ffb87a2d000 	C:\Windows\system32\ADVAPI32.dll
0x00007ffb83740000 - 0x00007ffb83749000 	C:\Windows\SYSTEM32\WSOCK32.dll
0x00007ffb84950000 - 0x00007ffb84972000 	C:\Windows\SYSTEM32\WINMM.dll
0x00007ffb85770000 - 0x00007ffb8577a000 	C:\Windows\SYSTEM32\VERSION.dll
0x00007ffb88510000 - 0x00007ffb88517000 	C:\Windows\system32\PSAPI.DLL
0x00007ffb880c0000 - 0x00007ffb8811b000 	C:\Windows\SYSTEM32\sechost.dll
0x00007ffb87620000 - 0x00007ffb87755000 	C:\Windows\system32\RPCRT4.dll
0x00007ffb87470000 - 0x00007ffb874ca000 	C:\Windows\system32\WS2_32.dll
0x00007ffb84870000 - 0x00007ffb8489a000 	C:\Windows\SYSTEM32\WINMMBASE.dll
0x00007ffb87070000 - 0x00007ffb8709e000 	C:\Windows\system32\SspiCli.dll
0x00007ffb87610000 - 0x00007ffb87619000 	C:\Windows\system32\NSI.dll
0x00007ffb87420000 - 0x00007ffb8746f000 	C:\Windows\SYSTEM32\cfgmgr32.dll
0x00007ffb85cb0000 - 0x00007ffb85cd8000 	C:\Windows\SYSTEM32\DEVOBJ.dll
0x00007ffb73960000 - 0x00007ffb73971000 	C:\Program Files\Android\Android Studio\jre\bin\verify.dll
0x00007ffb7e600000 - 0x00007ffb7e78a000 	C:\Windows\SYSTEM32\DBGHELP.DLL
0x00007ffb702a0000 - 0x00007ffb702c9000 	C:\Program Files\Android\Android Studio\jre\bin\java.dll
0x00007ffb73900000 - 0x00007ffb7390b000 	C:\Program Files\Android\Android Studio\jre\bin\jimage.dll
0x00007ffb733b0000 - 0x00007ffb733bf000 	C:\Program Files\Android\Android Studio\jre\bin\instrument.dll
0x00007ffb71410000 - 0x00007ffb71428000 	C:\Program Files\Android\Android Studio\jre\bin\zip.dll
0x00007ffb88580000 - 0x00007ffb89aaf000 	C:\Windows\system32\SHELL32.dll
0x00007ffb87760000 - 0x00007ffb87972000 	C:\Windows\SYSTEM32\combase.dll
0x00007ffb88520000 - 0x00007ffb88574000 	C:\Windows\system32\SHLWAPI.dll
0x00007ffb856b0000 - 0x00007ffb85762000 	C:\Windows\SYSTEM32\SHCORE.dll
0x00007ffb86e90000 - 0x00007ffb86ea5000 	C:\Windows\SYSTEM32\profapi.dll
0x00007ffb72e90000 - 0x00007ffb72e9a000 	C:\Program Files\Android\Android Studio\jre\bin\management.dll
0x00007ffb72b70000 - 0x00007ffb72b7d000 	C:\Program Files\Android\Android Studio\jre\bin\management_ext.dll
0x00007ffb63720000 - 0x00007ffb6373a000 	C:\Program Files\Android\Android Studio\jre\bin\net.dll
0x00007ffb7d100000 - 0x00007ffb7d1c9000 	C:\Windows\SYSTEM32\WINHTTP.dll
0x00007ffb86730000 - 0x00007ffb86789000 	C:\Windows\system32\mswsock.dll
0x00007ffb53fd0000 - 0x00007ffb53fe4000 	C:\Program Files\Android\Android Studio\jre\bin\nio.dll
0x00007ffb827f0000 - 0x00007ffb82805000 	C:\Windows\system32\napinsp.dll
0x00007ffb826a0000 - 0x00007ffb826ba000 	C:\Windows\system32\pnrpnsp.dll
0x00007ffb83240000 - 0x00007ffb8325b000 	C:\Windows\system32\NLAapi.dll
0x00007ffb864d0000 - 0x00007ffb86574000 	C:\Windows\SYSTEM32\DNSAPI.dll
0x00007ffb82810000 - 0x00007ffb8281d000 	C:\Windows\System32\winrnr.dll
0x00007ffb7c1c0000 - 0x00007ffb7c1ca000 	C:\Windows\System32\rasadhlp.dll
0x00007ffb82630000 - 0x00007ffb8265a000 	C:\Windows\SYSTEM32\IPHLPAPI.DLL
0x00007ffb82610000 - 0x00007ffb8261a000 	C:\Windows\SYSTEM32\WINNSI.DLL
0x00007ffb82060000 - 0x00007ffb820cb000 	C:\Windows\System32\fwpuclnt.dll
0x00007ffb74b80000 - 0x00007ffb74ba7000 	C:\Users\Abdallah\.gradle\native\e1d6ef7f7dcc3fd88c89a11ec53ec762bb8ba0a96d01ffa2cd45eb1d1d8dd5c5\windows-amd64\native-platform.dll
0x00007ffb86790000 - 0x00007ffb867b0000 	C:\Windows\SYSTEM32\CRYPTSP.dll
0x00007ffb86350000 - 0x00007ffb86386000 	C:\Windows\system32\rsaenh.dll
0x00007ffb869d0000 - 0x00007ffb869f6000 	C:\Windows\SYSTEM32\bcrypt.dll
0x00007ffb86460000 - 0x00007ffb86481000 	C:\Windows\SYSTEM32\USERENV.dll
0x00007ffb86d60000 - 0x00007ffb86dc3000 	C:\Windows\system32\bcryptprimitives.dll
0x00007ffb86dd0000 - 0x00007ffb86ddb000 	C:\Windows\SYSTEM32\CRYPTBASE.dll
0x00007ffb830c0000 - 0x00007ffb830d6000 	C:\Windows\SYSTEM32\dhcpcsvc6.DLL
0x00007ffb830f0000 - 0x00007ffb8310a000 	C:\Windows\SYSTEM32\dhcpcsvc.DLL
0x00007ffb51010000 - 0x00007ffb51037000 	C:\Program Files\Android\Android Studio\jre\bin\sunec.dll

dbghelp: loaded successfully - version: 4.0.5 - missing functions: none
symbol engine: initialized successfully - sym options: 0x614 - pdb path: .;C:\Program Files\Android\Android Studio\jre\bin;C:\Windows\SYSTEM32;C:\Windows\WinSxS\amd64_microsoft.windows.common-controls_6595b64144ccf1df_6.0.9600.19394_none_62486577ecb635cf;C:\Program Files\Android\Android Studio\jre\bin\server;C:\Users\Abdallah\.gradle\native\e1d6ef7f7dcc3fd88c89a11ec53ec762bb8ba0a96d01ffa2cd45eb1d1d8dd5c5\windows-amd64

VM Arguments:
jvm_args: -javaagent:C:\Program Files\Android\Android Studio\plugins\android\resources\trace_agent.jar=C:\Users\Abdallah\AppData\Local\Temp\sync.trace.profile --add-opens=java.base/java.util=ALL-UNNAMED --add-opens=java.base/java.lang=ALL-UNNAMED --add-opens=java.base/java.lang.invoke=ALL-UNNAMED --add-opens=java.base/java.util=ALL-UNNAMED --add-opens=java.prefs/java.util.prefs=ALL-UNNAMED --add-opens=java.prefs/java.util.prefs=ALL-UNNAMED --add-opens=java.base/java.nio.charset=ALL-UNNAMED --add-opens=java.base/java.net=ALL-UNNAMED --add-opens=java.base/java.util.concurrent.atomic=ALL-UNNAMED -Xmx2048m -Dfile.encoding=UTF-8 -Duser.country=US -Duser.language=en -Duser.variant 
java_command: org.gradle.launcher.daemon.bootstrap.GradleDaemon 7.5.1
java_class_path (initial): C:\Users\Abdallah\.gradle\wrapper\dists\gradle-7.5.1-bin\7jzzequgds1hbszbhq3npc5ng\gradle-7.5.1\lib\gradle-launcher-7.5.1.jar
Launcher Type: SUN_STANDARD

[Global flags]
     intx CICompilerCount                          = 3                                         {product} {ergonomic}
     uint ConcGCThreads                            = 1                                         {product} {ergonomic}
     uint G1ConcRefinementThreads                  = 4                                         {product} {ergonomic}
   size_t G1HeapRegionSize                         = 1048576                                   {product} {ergonomic}
    uintx GCDrainStackTargetSize                   = 64                                        {product} {ergonomic}
   size_t InitialHeapSize                          = 201326592                                 {product} {ergonomic}
   size_t MarkStackSize                            = 4194304                                   {product} {ergonomic}
   size_t MaxHeapSize                              = 2147483648                                {product} {command line}
   size_t MaxNewSize                               = 1287651328                                {product} {ergonomic}
   size_t MinHeapDeltaBytes                        = 1048576                                   {product} {ergonomic}
    uintx NonNMethodCodeHeapSize                   = 5830732                                {pd product} {ergonomic}
    uintx NonProfiledCodeHeapSize                  = 122913754                              {pd product} {ergonomic}
    uintx ProfiledCodeHeapSize                     = 122913754                              {pd product} {ergonomic}
    uintx ReservedCodeCacheSize                    = 251658240                              {pd product} {ergonomic}
     bool SegmentedCodeCache                       = true                                      {product} {ergonomic}
     bool UseCompressedClassPointers               = true                                 {lp64_product} {ergonomic}
     bool UseCompressedOops                        = true                                 {lp64_product} {ergonomic}
     bool UseG1GC                                  = true                                      {product} {ergonomic}
     bool UseLargePagesIndividualAllocation        = false                                  {pd product} {ergonomic}

Logging:
Log output configuration:
 #0: stdout all=warning uptime,level,tags
 #1: stderr all=off uptime,level,tags

Environment Variables:
JAVA_HOME=C:\Program Files\Java\jdk-11.0.24
PATH=C:\Program Files\Python313\Scripts\;C:\Program Files\Python313\;C:\Users\Abdallah\AppData\Roaming\Python\Python385\Scripts\;C:\Users\Abdallah\AppData\Roaming\Python\Python385\;C:\Program Files\Microsoft MPI\Bin\;C:\Program Files\Common Files\Oracle\Java\javapath;C:\Program Files (x86)\Common Files\Oracle\Java\javapath;C:\Windows\system32;C:\Windows;C:\Windows\System32\Wbem;C:\Windows\System32\WindowsPowerShell\v1.0\;C:\Windows\idmu\common;C:\Program Files (x86)\Kaspersky Lab\Kaspersky Endpoint Security 10 for Windows SP2\;C:\Program Files (x86)\ATI Technologies\ATI.ACE\Core-Static;C:\Program Files\Java\jdk-18.0.2\bin;C:\Program Files\Java\jre1.8.0_341\bin;C:\Program Files\Git\cmd;C:\Program Files\Python310;C:\OpenSSH-Win64;C:\Users\Abdallah\Downloads\Compressed\jdk-20.0.1\bin;C:\msys64\mingw64\bin;C:\Users\Abdallah\AppData\Local\Android\Sdk\platforms;C:\Program Files\gtk-nsis-pack\bin;C:\Program Files\Java\jdk-11.0.24\bin;C:\Program Files\Python313\Scripts\
USERNAME=Abdallah
OS=Windows_NT
PROCESSOR_IDENTIFIER=Intel64 Family 6 Model 42 Stepping 7, GenuineIntel



---------------  S Y S T E M  ---------------

OS: Windows 8.1 , 64 bit Build 9600 (6.3.9600.20778)
OS uptime: 0 days 1:30 hours

CPU:total 4 (initial active 4) (4 cores per cpu, 1 threads per core) family 6 model 42 stepping 7 microcode 0x29, cmov, cx8, fxsr, mmx, sse, sse2, sse3, ssse3, sse4.1, sse4.2, popcnt, avx, aes, clmul, tsc, tscinvbit

Memory: 4k page, system-wide physical 12252M (758M free)
TotalPageFile size 14300M (AvailPageFile size 9M)
current process WorkingSet (physical memory assigned to process): 474M, peak: 474M
current process commit charge ("private bytes"): 498M, peak: 499M

vm_info: OpenJDK 64-Bit Server VM (11.0.12+7-b1504.28-7817840) for windows-amd64 JRE (11.0.12+7-b1504.28-7817840), built on Oct 13 2021 22:12:33 by "builder" with MS VC++ 14.0 (VS2015)

END.
